<?xml version="1.0" encoding="UTF-8"?>
<!-- Generated by org.testng.reporters.JUnitXMLReporter -->
<testsuite ignored="0" hostname="LAPTOP-APDB9F0S" failures="0" tests="5" name="Default test" time="12.445" errors="0" timestamp="2026-01-16T19:11:44 IST">
  <testcase classname="day1.Map_APIS" name="createPlaceId" time="2.84"/>
  <testcase classname="day1.Map_APIS" name="getPlaceDetails" time="2.167"/>
  <testcase classname="day1.Map_APIS" name="updatePlaceDetails" time="2.756"/>
  <testcase classname="day1.Map_APIS" name="readUpdatedPlaceDetails" time="1.988"/>
  <testcase classname="day1.Map_APIS" name="deletePlaceDetails" time="2.632"/>
</testsuite> <!-- Default test -->
