<?xml version="1.0" encoding="UTF-8"?>
<testng-results ignored="0" total="5" passed="5" failed="0" skipped="0">
  <reporter-output>
  </reporter-output>
  <suite started-at="2026-01-16T19:11:31 IST" name="Default suite" finished-at="2026-01-16T19:11:44 IST" duration-ms="12445">
    <groups>
    </groups>
    <test started-at="2026-01-16T19:11:31 IST" name="Default test" finished-at="2026-01-16T19:11:44 IST" duration-ms="12445">
      <class name="day1.Map_APIS">
        <test-method signature="createPlaceId()[pri:1, instance:day1.Map_APIS@2b662a77]" started-at="2026-01-16T19:11:31 IST" name="createPlaceId" finished-at="2026-01-16T19:11:34 IST" duration-ms="2840" status="PASS">
          <reporter-output>
          </reporter-output>
        </test-method> <!-- createPlaceId -->
        <test-method signature="getPlaceDetails()[pri:2, instance:day1.Map_APIS@2b662a77]" started-at="2026-01-16T19:11:34 IST" name="getPlaceDetails" finished-at="2026-01-16T19:11:36 IST" duration-ms="2167" status="PASS">
          <reporter-output>
          </reporter-output>
        </test-method> <!-- getPlaceDetails -->
        <test-method signature="updatePlaceDetails()[pri:3, instance:day1.Map_APIS@2b662a77]" started-at="2026-01-16T19:11:36 IST" name="updatePlaceDetails" finished-at="2026-01-16T19:11:39 IST" duration-ms="2756" status="PASS">
          <reporter-output>
          </reporter-output>
        </test-method> <!-- updatePlaceDetails -->
        <test-method signature="readUpdatedPlaceDetails()[pri:4, instance:day1.Map_APIS@2b662a77]" started-at="2026-01-16T19:11:39 IST" name="readUpdatedPlaceDetails" finished-at="2026-01-16T19:11:41 IST" duration-ms="1988" status="PASS">
          <reporter-output>
          </reporter-output>
        </test-method> <!-- readUpdatedPlaceDetails -->
        <test-method signature="deletePlaceDetails()[pri:5, instance:day1.Map_APIS@2b662a77]" started-at="2026-01-16T19:11:41 IST" name="deletePlaceDetails" finished-at="2026-01-16T19:11:44 IST" duration-ms="2632" status="PASS">
          <reporter-output>
          </reporter-output>
        </test-method> <!-- deletePlaceDetails -->
      </class> <!-- day1.Map_APIS -->
    </test> <!-- Default test -->
  </suite> <!-- Default suite -->
</testng-results>
