<?xml version="1.0" encoding="UTF-8"?>
<!-- Generated by org.testng.reporters.JUnitReportReporter -->
<testsuite hostname="LAPTOP-APDB9F0S" failures="0" tests="5" name="day1.Map_APIS" time="12.383" errors="0" timestamp="2026-01-16T19:11:44 IST" skipped="0">
  <testcase classname="day1.Map_APIS" name="createPlaceId" time="2.840"/>
  <testcase classname="day1.Map_APIS" name="getPlaceDetails" time="2.167"/>
  <testcase classname="day1.Map_APIS" name="updatePlaceDetails" time="2.756"/>
  <testcase classname="day1.Map_APIS" name="readUpdatedPlaceDetails" time="1.988"/>
  <testcase classname="day1.Map_APIS" name="deletePlaceDetails" time="2.632"/>
</testsuite> <!-- day1.Map_APIS -->
